[debug] ----------------------------------------------------------------------
[debug] Command:      /usr/local/bin/node /usr/local/bin/firebase use --add
[debug] CLI Version:  3.5.0
[debug] Platform:     darwin
[debug] Node Version: v7.7.2
[debug] Time:         Thu Mar 09 2017 18:29:10 GMT-0300 (BRT)
[debug] ----------------------------------------------------------------------
[debug] 
[debug] > command requires scopes: ["email","openid","https://www.googleapis.com/auth/cloudplatformprojects.readonly","https://www.googleapis.com/auth/firebase"]
[debug] > refreshing access token with scopes: ["email","https://www.googleapis.com/auth/cloudplatformprojects.readonly","https://www.googleapis.com/auth/firebase","openid"]
[debug] >>> HTTP REQUEST POST https://www.googleapis.com/oauth2/v3/token { refresh_token: '1/vXzRHvhT1kSklS0X7EHVzPhOzDa7LJWZsqhrQwWeHUU',
  client_id: '563584335869-fgrhgmd47bqnekij5i8b5pr03ho849e6.apps.googleusercontent.com',
  client_secret: 'j9iVZfS8kkCEFUPaAeJV0sAi',
  grant_type: 'refresh_token',
  scope: 'email https://www.googleapis.com/auth/cloudplatformprojects.readonly https://www.googleapis.com/auth/firebase openid' } 
 Thu Mar 09 2017 18:29:10 GMT-0300 (BRT)
[debug] <<< HTTP RESPONSE 200
[debug] >>> HTTP REQUEST GET https://admin.firebase.com/v1/projects  
 Thu Mar 09 2017 18:29:10 GMT-0300 (BRT)
[debug] <<< HTTP RESPONSE 200
[debug] TypeError: Cannot read property 'short' of undefined
    at Prompt.render (/usr/local/lib/node_modules/firebase-tools/node_modules/inquirer/lib/prompts/list.js:94:69)
    at Prompt.onSubmit (/usr/local/lib/node_modules/firebase-tools/node_modules/inquirer/lib/prompts/list.js:116:8)
    at AnonymousObserver.Rx.AnonymousObserver.AnonymousObserver.next (/usr/local/lib/node_modules/firebase-tools/node_modules/rx-lite/rx.lite.js:1535:12)
    at AnonymousObserver.Rx.internals.AbstractObserver.AbstractObserver.onNext (/usr/local/lib/node_modules/firebase-tools/node_modules/rx-lite/rx.lite.js:1469:31)
    at AnonymousObserver.tryCatcher (/usr/local/lib/node_modules/firebase-tools/node_modules/rx-lite/rx.lite.js:63:31)
    at AutoDetachObserverPrototype.next (/usr/local/lib/node_modules/firebase-tools/node_modules/rx-lite/rx.lite.js:5782:51)
    at AutoDetachObserver.Rx.internals.AbstractObserver.AbstractObserver.onNext (/usr/local/lib/node_modules/firebase-tools/node_modules/rx-lite/rx.lite.js:1469:31)
    at AnonymousObserver._onNext (/usr/local/lib/node_modules/firebase-tools/node_modules/rx-lite/rx.lite.js:4234:13)
    at AnonymousObserver.Rx.AnonymousObserver.AnonymousObserver.next (/usr/local/lib/node_modules/firebase-tools/node_modules/rx-lite/rx.lite.js:1535:12)
    at AnonymousObserver.Rx.internals.AbstractObserver.AbstractObserver.onNext (/usr/local/lib/node_modules/firebase-tools/node_modules/rx-lite/rx.lite.js:1469:31)
[error] 
[error] Error: An unexpected error has occurred.
